commit 83fc190d233b390478391b0e47853337b37325f4
Merge: 78b1748 2aa9dff
Author: AGAPE <156774607+Organdhi@users.noreply.github.com>
Date:   Mon May 18 14:24:23 2026 +0900

    Merge branch 'main' of https://github.com/Organdhi/2026-05-18_uni

commit 78b1748eb011e67af7c6da4e94a92bec94f1d6b5
Author: AGAPE <156774607+Organdhi@users.noreply.github.com>
Date:   Mon May 18 14:18:01 2026 +0900

    blue to black
    
    変えました

commit 2aa9dfffde1c0246860d6c05a0a0068e9f87f1ae
Author: AGAPE <156774607+Organdhi@users.noreply.github.com>
Date:   Mon May 18 14:16:16 2026 +0900

    change color シアン to black
    
    変えました

commit c920f3cafd220322ac5ebe9e7419a5dde2c930cb
Author: AGAPE <156774607+Organdhi@users.noreply.github.com>
Date:   Mon May 18 14:09:06 2026 +0900

    change speed to slow
    
    遅いになりました．

commit 53ea1816172af3303714f69a68d5995cc9b651d5
Author: AGAPE <156774607+Organdhi@users.noreply.github.com>
Date:   Mon May 18 13:54:39 2026 +0900

    change color
    
    変えました

commit 31f66ad9add9e21d13f8fbd391c0e6c7a4eccf70
Author: AGAPE <156774607+Organdhi@users.noreply.github.com>
Date:   Mon May 18 13:32:43 2026 +0900

    first commit
